<?xml version="1.0" encoding="UTF-8"?>
<testng-results skipped="0" failed="0" ignored="2" total="3" passed="1">
  <reporter-output>
  </reporter-output>
  <suite name="Default suite" duration-ms="6541" started-at="2021-06-09T11:42:02Z" finished-at="2021-06-09T11:42:08Z">
    <groups>
    </groups>
    <test name="Default test" duration-ms="6541" started-at="2021-06-09T11:42:02Z" finished-at="2021-06-09T11:42:08Z">
      <class name="com.rest.api.RestAssuredTest">
        <test-method status="PASS" signature="getUserDelay()[pri:0, instance:com.rest.api.RestAssuredTest@6767c1fc]" name="getUserDelay" duration-ms="6526" started-at="2021-06-09T17:12:02Z" finished-at="2021-06-09T17:12:08Z">
          <reporter-output>
          </reporter-output>
        </test-method> <!-- getUserDelay -->
      </class> <!-- com.rest.api.RestAssuredTest -->
    </test> <!-- Default test -->
  </suite> <!-- Default suite -->
</testng-results>
