<?xml version="1.0" encoding="UTF-8"?>
<!-- Generated by org.testng.reporters.JUnitXMLReporter -->
<testsuite hostname="LAPTOP-N15PODSG" ignored="2" name="Default test" tests="1" failures="0" timestamp="09 Jun 2021 11:42:08 GMT" time="6.541" errors="0">
  <testcase name="getUserDelay" time="6.526" classname="com.rest.api.RestAssuredTest"/>
  <testcase name="updateUserDetailsTest" time="0.0" classname="com.rest.api.RestAssuredTest">
    <ignored/>
  </testcase> <!-- updateUserDetailsTest -->
  <testcase name="getUserDetails" time="0.0" classname="com.rest.api.RestAssuredTest">
    <ignored/>
  </testcase> <!-- getUserDetails -->
</testsuite> <!-- Default test -->
